==355== Memcheck, a memory error detector
==355== Copyright (C) 2002-2017, and GNU GPL'd, by Julian Seward et al.
==355== Using Valgrind-3.18.1-42b08ed5bd-20211015 and LibVEX; rerun with -h for copyright info
==355== Command: ./webserv
==355== Parent PID: 1
==355== 
--355-- 
--355-- Valgrind options:
--355--    -v
--355--    --trace-children=yes
--355--    --track-fds=yes
--355--    --track-origins=yes
--355--    --leak-check=full
--355--    --show-leak-kinds=all
--355--    --show-reachable=yes
--355--    --errors-for-leak-kinds=all
--355--    --error-exitcode=1
--355--    --log-file=valgrind_detailed.log
--355-- Contents of /proc/version:
--355--   Linux version 6.10.14-linuxkit (root@buildkitsandbox) (gcc (Alpine 13.2.1_git20240309) 13.2.1 20240309, GNU ld (GNU Binutils) 2.42) #1 SMP Tue Oct 14 07:32:13 UTC 2025
--355-- 
--355-- Arch and hwcaps: ARM64, LittleEndian, v8-fhm-dpbcvadp-sha3-rdm-atomics-bf16-fp16-vfp16
--355-- Page sizes: currently 4096, max supported 65536
--355-- Valgrind library directory: /usr/libexec/valgrind
--355-- Reading syms from /workspace/WebServ/webserv
--355-- Reading syms from /usr/lib/aarch64-linux-gnu/ld-linux-aarch64.so.1
--355--   Considering /usr/lib/debug/.build-id/51/e41459d69173bd21191e0b2c35bdd1b76053ee.debug ..
--355--   .. build-id is valid
--355-- Reading syms from /usr/libexec/valgrind/memcheck-arm64-linux
--355--    object doesn't have a symbol table
--355--    object doesn't have a dynamic symbol table
--355-- Scheduler: using generic scheduler lock implementation.
--355-- Reading suppressions file: /usr/libexec/valgrind/default.supp
==355== embedded gdbserver: reading from /tmp/vgdb-pipe-from-vgdb-to-355-by-???-on-a7a0e50a69cc
==355== embedded gdbserver: writing to   /tmp/vgdb-pipe-to-vgdb-from-355-by-???-on-a7a0e50a69cc
==355== embedded gdbserver: shared mem   /tmp/vgdb-pipe-shared-mem-vgdb-355-by-???-on-a7a0e50a69cc
==355== 
==355== TO CONTROL THIS PROCESS USING vgdb (which you probably
==355== don't want to do, unless you know exactly what you're doing,
==355== or are doing some strange experiment):
==355==   /usr/bin/vgdb --pid=355 ...command...
==355== 
==355== TO DEBUG THIS PROCESS USING GDB: start GDB like this
==355==   /path/to/gdb ./webserv
==355== and then give GDB the following command
==355==   target remote | /usr/bin/vgdb --pid=355
==355== --pid is optional if only one valgrind process is running
==355== 
--355-- REDIR: 0x401ee40 (ld-linux-aarch64.so.1:strlen) redirected to 0x580b918c (???)
--355-- REDIR: 0x401de40 (ld-linux-aarch64.so.1:strcmp) redirected to 0x580b91e0 (???)
--355-- REDIR: 0x401dd80 (ld-linux-aarch64.so.1:index) redirected to 0x580b91b4 (???)
--355-- Reading syms from /usr/libexec/valgrind/vgpreload_core-arm64-linux.so
--355--    object doesn't have a symbol table
--355-- Reading syms from /usr/libexec/valgrind/vgpreload_memcheck-arm64-linux.so
--355--    object doesn't have a symbol table
--355-- Reading syms from /usr/lib/aarch64-linux-gnu/libstdc++.so.6.0.30
--355--    object doesn't have a symbol table
--355-- Reading syms from /usr/lib/aarch64-linux-gnu/libgcc_s.so.1
--355--    object doesn't have a symbol table
--355-- Reading syms from /usr/lib/aarch64-linux-gnu/libc.so.6
--355--   Considering /usr/lib/debug/.build-id/03/4c9554b03099fc969ae2528ea6fd26286057d8.debug ..
--355--   .. build-id is valid
==355== WARNING: new redirection conflicts with existing -- ignoring it
--355--     old: 0x04b81270 (memalign            ) R-> (1011.0) 0x0486a540 memalign
--355--     new: 0x04b81270 (memalign            ) R-> (1017.0) 0x0486a520 aligned_alloc
==355== WARNING: new redirection conflicts with existing -- ignoring it
--355--     old: 0x04b81270 (memalign            ) R-> (1011.0) 0x0486a540 memalign
--355--     new: 0x04b81270 (memalign            ) R-> (1017.0) 0x0486a500 aligned_alloc
--355-- Reading syms from /usr/lib/aarch64-linux-gnu/libm.so.6
--355--   Considering /usr/lib/debug/.build-id/0a/868197abe88af7046f9afbd7908f3d74e8c647.debug ..
--355--   .. build-id is valid
--355-- REDIR: 0x4b845b0 (libc.so.6:memchr) redirected to 0x4840710 (_vgnU_ifunc_wrapper)
--355-- REDIR: 0x4b835a0 (libc.so.6:strlen) redirected to 0x4840710 (_vgnU_ifunc_wrapper)
--355-- REDIR: 0x4b84910 (libc.so.6:memset) redirected to 0x4840710 (_vgnU_ifunc_wrapper)
--355-- REDIR: 0x4b847d0 (libc.so.6:memmove) redirected to 0x4840710 (_vgnU_ifunc_wrapper)
--355-- REDIR: 0x4b839c0 (libc.so.6:rindex) redirected to 0x486ac40 (rindex)
--355-- REDIR: 0x4b80570 (libc.so.6:malloc) redirected to 0x4864fe0 (malloc)
--355-- REDIR: 0x4b8bf80 (libc.so.6:__GI_memset) redirected to 0x486ee50 (memset)
--355-- REDIR: 0x4b8c880 (libc.so.6:__GI_strlen) redirected to 0x486b2a0 (__GI_strlen)
--355-- REDIR: 0x4b84600 (libc.so.6:bcmp) redirected to 0x486e5e0 (bcmp)
--355-- REDIR: 0x4b8c900 (libc.so.6:__strlen_asimd) redirected to 0x486b274 (strlen)
--355-- REDIR: 0x4b84ef0 (libc.so.6:memcpy) redirected to 0x4840710 (_vgnU_ifunc_wrapper)
--355-- REDIR: 0x4b8ab00 (libc.so.6:__GI_memcpy) redirected to 0x486cf00 (__GI_memcpy)
--355-- REDIR: 0x4933420 (libstdc++.so.6:operator new(unsigned long)) redirected to 0x4865744 (operator new(unsigned long))
--355-- REDIR: 0x4931320 (libstdc++.so.6:operator delete(void*)) redirected to 0x4868000 (operator delete(void*))
--355-- REDIR: 0x4b80b04 (libc.so.6:free) redirected to 0x4867a60 (free)
==355== 
==355== FILE DESCRIPTORS: 4 open (3 std) at exit.
==355== Open file descriptor 3: /workspace/WebServ/valgrind_detailed.log
==355==    <inherited from parent>
==355== 
==355== 
==355== HEAP SUMMARY:
==355==     in use at exit: 0 bytes in 0 blocks
==355==   total heap usage: 7 allocs, 7 frees, 72,823 bytes allocated
==355== 
==355== All heap blocks were freed -- no leaks are possible
==355== 
==355== ERROR SUMMARY: 0 errors from 0 contexts (suppressed: 0 from 0)
