[0;32m[17:36:16] [INFO] [WebServ::UpdateQueue] New connection detected. Creating client instance[0m
[0;32m[17:36:16] [INFO] [Client::_tryAccepting] [client 0] Accepted new connection[0m
[0;32m[17:36:16] [INFO] [WebServ::ProcessQueue] [client 0] Finished processing request[0m
[0;32m[17:36:16] [INFO] [WebServ::UpdateQueue] [client 0] Added request to queue[0m
[0;34m[17:36:16] [DEBUG] [Client::_readHeader] [client 0] Read 223 bytes[0m
[0;34m[17:36:16] [DEBUG] [Client::_readHeader] [client 0] Header fully received (191 bytes)[0m
[0;34m[17:36:16] [DEBUG] [Client::_readBody] [client 0] Applying leftover (28 bytes)[0m
[0;32m[17:36:16] [INFO] [Client::_readBody] [client 0] Body complete (received28 bytes)[0m
[0;32m[17:36:16] [INFO] [Client::_processRequest] [client 0] Started processing request[0m
[0;32m[17:36:16] [INFO] [Client::_sendString] [client 0] Started sending reponse[0m
[0;32m[17:36:16] [INFO] [Response::~Response] [client 0] Destroying CGI instance[0m
[0;32m[17:36:16] [INFO] [WebServ::ProcessQueue] [client 0] Finished processing request[0m
[0;32m[17:36:16] [INFO] [WebServ::UpdateQueue] [client 0] Added request to queue[0m
[0;32m[17:36:23] [INFO] [WebServ::UpdateQueue] New connection detected. Creating client instance[0m
[0;32m[17:36:23] [INFO] [Client::_tryAccepting] [client 0] Accepted new connection[0m
[0;32m[17:36:23] [INFO] [WebServ::ProcessQueue] [client 0] Finished processing request[0m
[0;32m[17:36:23] [INFO] [WebServ::UpdateQueue] [client 0] Added request to queue[0m
[0;34m[17:36:23] [DEBUG] [Client::_readHeader] [client 0] Read 228 bytes[0m
[0;34m[17:36:23] [DEBUG] [Client::_readHeader] [client 0] Header fully received (196 bytes)[0m
[0;34m[17:36:23] [DEBUG] [Client::_readBody] [client 0] Applying leftover (28 bytes)[0m
[0;32m[17:36:23] [INFO] [Client::_readBody] [client 0] Body complete (received28 bytes)[0m
[0;32m[17:36:23] [INFO] [Client::_processRequest] [client 0] Started processing request[0m
[0;32m[17:36:27] [INFO] [Client::_sendString] [client 0] Started sending reponse[0m
[0;32m[17:36:27] [INFO] [WebServ::sendTimeOut] [client 0] TimeOut notification successfully sent[0m
[0;32m[17:36:27] [INFO] [Response::~Response] [client 0] Destroying CGI instance[0m
[0;32m[17:36:27] [INFO] [WebServ::UpdateQueue] New connection detected. Creating client instance[0m
[0;32m[17:36:27] [INFO] [Client::_tryAccepting] [client 0] Accepted new connection[0m
[0;32m[17:36:27] [INFO] [WebServ::ProcessQueue] [client 0] Finished processing request[0m
[0;32m[17:36:27] [INFO] [WebServ::UpdateQueue] [client 0] Added request to queue[0m
[0;34m[17:36:27] [DEBUG] [Client::_readHeader] [client 0] Read 222 bytes[0m
[0;34m[17:36:27] [DEBUG] [Client::_readHeader] [client 0] Header fully received (190 bytes)[0m
[0;34m[17:36:27] [DEBUG] [Client::_readBody] [client 0] Applying leftover (28 bytes)[0m
[0;32m[17:36:27] [INFO] [Client::_readBody] [client 0] Body complete (received28 bytes)[0m
[0;32m[17:36:27] [INFO] [Client::_processRequest] [client 0] Started processing request[0m
[0;32m[17:36:27] [INFO] [Client::_sendString] [client 0] Started sending reponse[0m
[0;32m[17:36:27] [INFO] [Response::~Response] [client 0] Destroying CGI instance[0m
[0;32m[17:36:27] [INFO] [WebServ::ProcessQueue] [client 0] Finished processing request[0m
[0;32m[17:36:27] [INFO] [WebServ::UpdateQueue] [client 0] Added request to queue[0m
[0;32m[17:36:27] [INFO] [WebServ::UpdateQueue] New connection detected. Creating client instance[0m
[0;32m[17:36:27] [INFO] [Client::_tryAccepting] [client 0] Accepted new connection[0m
[0;32m[17:36:27] [INFO] [WebServ::ProcessQueue] [client 0] Finished processing request[0m
[0;32m[17:36:27] [INFO] [WebServ::UpdateQueue] [client 0] Added request to queue[0m
[0;34m[17:36:27] [DEBUG] [Client::_readHeader] [client 0] Read 227 bytes[0m
[0;34m[17:36:27] [DEBUG] [Client::_readHeader] [client 0] Header fully received (195 bytes)[0m
[0;34m[17:36:27] [DEBUG] [Client::_readBody] [client 0] Applying leftover (28 bytes)[0m
[0;32m[17:36:27] [INFO] [Client::_readBody] [client 0] Body complete (received28 bytes)[0m
[0;32m[17:36:27] [INFO] [Client::_processRequest] [client 0] Started processing request[0m
[0;32m[17:36:27] [INFO] [Client::_sendString] [client 0] Started sending reponse[0m
[0;32m[17:36:27] [INFO] [Response::~Response] [client 0] Destroying CGI instance[0m
[0;32m[17:36:27] [INFO] [WebServ::ProcessQueue] [client 0] Finished processing request[0m
[0;32m[17:36:27] [INFO] [WebServ::UpdateQueue] [client 0] Added request to queue[0m
